<?xml version="1.0" encoding="UTF-8"?>
<coverage generated="1776412011710" clover="3.2.0">
  <project timestamp="1776412011710" name="All files">
    <metrics statements="86" coveredstatements="85" conditionals="59" coveredconditionals="57" methods="20" coveredmethods="20" elements="165" coveredelements="162" complexity="0" loc="86" ncloc="86" packages="3" files="6" classes="6"/>
    <package name="application.usecases">
      <metrics statements="37" coveredstatements="37" conditionals="12" coveredconditionals="12" methods="8" coveredmethods="8"/>
      <file name="create-event.usecase.ts" path="/Users/marie/Documents/DEV/2026-Eventhub/backend/src/application/usecases/create-event.usecase.ts">
        <metrics statements="6" coveredstatements="6" conditionals="0" coveredconditionals="0" methods="2" coveredmethods="2"/>
        <line num="1" count="1" type="stmt"/>
        <line num="3" count="1" type="stmt"/>
        <line num="17" count="1" type="stmt"/>
        <line num="18" count="8" type="stmt"/>
        <line num="21" count="8" type="stmt"/>
        <line num="34" count="1" type="stmt"/>
      </file>
      <file name="delete-event.usecase.ts" path="/Users/marie/Documents/DEV/2026-Eventhub/backend/src/application/usecases/delete-event.usecase.ts">
        <metrics statements="12" coveredstatements="12" conditionals="4" coveredconditionals="4" methods="2" coveredmethods="2"/>
        <line num="4" count="1" type="stmt"/>
        <line num="5" count="5" type="stmt"/>
        <line num="8" count="4" type="stmt"/>
        <line num="10" count="4" type="cond" truecount="2" falsecount="0"/>
        <line num="11" count="2" type="stmt"/>
        <line num="12" count="2" type="stmt"/>
        <line num="13" count="2" type="stmt"/>
        <line num="16" count="2" type="cond" truecount="2" falsecount="0"/>
        <line num="17" count="1" type="stmt"/>
        <line num="18" count="1" type="stmt"/>
        <line num="19" count="1" type="stmt"/>
        <line num="22" count="1" type="stmt"/>
      </file>
      <file name="get-event-by-id.usecase.ts" path="/Users/marie/Documents/DEV/2026-Eventhub/backend/src/application/usecases/get-event-by-id.usecase.ts">
        <metrics statements="5" coveredstatements="5" conditionals="4" coveredconditionals="4" methods="2" coveredmethods="2"/>
        <line num="4" count="1" type="stmt"/>
        <line num="5" count="3" type="stmt"/>
        <line num="8" count="3" type="cond" truecount="4" falsecount="0"/>
        <line num="9" count="1" type="stmt"/>
        <line num="11" count="2" type="stmt"/>
      </file>
      <file name="update-event.usecase.ts" path="/Users/marie/Documents/DEV/2026-Eventhub/backend/src/application/usecases/update-event.usecase.ts">
        <metrics statements="14" coveredstatements="14" conditionals="4" coveredconditionals="4" methods="2" coveredmethods="2"/>
        <line num="1" count="1" type="stmt"/>
        <line num="15" count="1" type="stmt"/>
        <line num="16" count="6" type="stmt"/>
        <line num="23" count="5" type="stmt"/>
        <line num="25" count="5" type="cond" truecount="2" falsecount="0"/>
        <line num="26" count="2" type="stmt"/>
        <line num="27" count="2" type="stmt"/>
        <line num="28" count="2" type="stmt"/>
        <line num="31" count="3" type="cond" truecount="2" falsecount="0"/>
        <line num="32" count="1" type="stmt"/>
        <line num="33" count="1" type="stmt"/>
        <line num="34" count="1" type="stmt"/>
        <line num="37" count="2" type="stmt"/>
        <line num="53" count="1" type="stmt"/>
      </file>
    </package>
    <package name="domain.entities">
      <metrics statements="29" coveredstatements="28" conditionals="34" coveredconditionals="33" methods="1" coveredmethods="1"/>
      <file name="event.entity.ts" path="/Users/marie/Documents/DEV/2026-Eventhub/backend/src/domain/entities/event.entity.ts">
        <metrics statements="29" coveredstatements="28" conditionals="34" coveredconditionals="33" methods="1" coveredmethods="1"/>
        <line num="16" count="5" type="stmt"/>
        <line num="31" count="25" type="cond" truecount="4" falsecount="0"/>
        <line num="32" count="1" type="stmt"/>
        <line num="33" count="24" type="cond" truecount="4" falsecount="0"/>
        <line num="34" count="1" type="stmt"/>
        <line num="35" count="23" type="cond" truecount="3" falsecount="1"/>
        <line num="36" count="0" type="stmt"/>
        <line num="37" count="23" type="cond" truecount="2" falsecount="0"/>
        <line num="38" count="2" type="stmt"/>
        <line num="39" count="21" type="cond" truecount="4" falsecount="0"/>
        <line num="40" count="1" type="stmt"/>
        <line num="41" count="20" type="cond" truecount="4" falsecount="0"/>
        <line num="42" count="1" type="stmt"/>
        <line num="43" count="19" type="cond" truecount="4" falsecount="0"/>
        <line num="44" count="1" type="stmt"/>
        <line num="45" count="18" type="cond" truecount="4" falsecount="0"/>
        <line num="46" count="1" type="stmt"/>
        <line num="48" count="17" type="stmt"/>
        <line num="49" count="17" type="stmt"/>
        <line num="50" count="17" type="stmt"/>
        <line num="51" count="17" type="stmt"/>
        <line num="52" count="17" type="stmt"/>
        <line num="53" count="17" type="stmt"/>
        <line num="54" count="17" type="stmt"/>
        <line num="55" count="17" type="stmt"/>
        <line num="56" count="17" type="stmt"/>
        <line num="57" count="17" type="stmt"/>
        <line num="58" count="17" type="cond" truecount="2" falsecount="0"/>
        <line num="59" count="17" type="cond" truecount="2" falsecount="0"/>
      </file>
    </package>
    <package name="infrastructure.repositories">
      <metrics statements="20" coveredstatements="20" conditionals="13" coveredconditionals="12" methods="11" coveredmethods="11"/>
      <file name="in-memory-event.repository.ts" path="/Users/marie/Documents/DEV/2026-Eventhub/backend/src/infrastructure/repositories/in-memory-event.repository.ts">
        <metrics statements="20" coveredstatements="20" conditionals="13" coveredconditionals="12" methods="11" coveredmethods="11"/>
        <line num="4" count="5" type="stmt"/>
        <line num="5" count="27" type="stmt"/>
        <line num="8" count="15" type="stmt"/>
        <line num="9" count="15" type="stmt"/>
        <line num="16" count="7" type="stmt"/>
        <line num="18" count="3" type="stmt"/>
        <line num="19" count="3" type="cond" truecount="2" falsecount="0"/>
        <line num="20" count="4" type="stmt"/>
        <line num="21" count="2" type="cond" truecount="2" falsecount="0"/>
        <line num="24" count="3" type="stmt"/>
        <line num="25" count="3" type="stmt"/>
        <line num="27" count="3" type="stmt"/>
        <line num="34" count="12" type="cond" truecount="2" falsecount="0"/>
        <line num="38" count="2" type="stmt"/>
        <line num="39" count="2" type="cond" truecount="2" falsecount="0"/>
        <line num="40" count="1" type="stmt"/>
        <line num="41" count="1" type="stmt"/>
        <line num="45" count="2" type="stmt"/>
        <line num="46" count="2" type="cond" truecount="2" falsecount="0"/>
        <line num="47" count="1" type="stmt"/>
      </file>
    </package>
  </project>
</coverage>
