{"/Users/marie/Documents/DEV/2026-Eventhub/backend/src/application/usecases/create-event.usecase.ts": {"path":"/Users/marie/Documents/DEV/2026-Eventhub/backend/src/application/usecases/create-event.usecase.ts","statementMap":{"0":{"start":{"line":1,"column":0},"end":{"line":1,"column":59}},"1":{"start":{"line":3,"column":0},"end":{"line":3,"column":36}},"2":{"start":{"line":18,"column":31},"end":{"line":18,"column":72}},"3":{"start":{"line":21,"column":18},"end":{"line":32,"column":6}},"4":{"start":{"line":34,"column":4},"end":{"line":34,"column":44}},"5":{"start":{"line":17,"column":0},"end":{"line":17,"column":13}}},"fnMap":{"0":{"name":"(anonymous_0)","decl":{"start":{"line":18,"column":2},"end":{"line":18,"column":31}},"loc":{"start":{"line":18,"column":72},"end":{"line":18,"column":76}}},"1":{"name":"(anonymous_1)","decl":{"start":{"line":20,"column":2},"end":{"line":20,"column":7}},"loc":{"start":{"line":20,"column":39},"end":{"line":35,"column":3}}}},"branchMap":{},"s":{"0":1,"1":1,"2":8,"3":8,"4":1,"5":1},"f":{"0":8,"1":8},"b":{}}
,"/Users/marie/Documents/DEV/2026-Eventhub/backend/src/application/usecases/delete-event.usecase.ts": {"path":"/Users/marie/Documents/DEV/2026-Eventhub/backend/src/application/usecases/delete-event.usecase.ts","statementMap":{"0":{"start":{"line":5,"column":31},"end":{"line":5,"column":72}},"1":{"start":{"line":8,"column":21},"end":{"line":8,"column":65}},"2":{"start":{"line":10,"column":4},"end":{"line":14,"column":5}},"3":{"start":{"line":11,"column":23},"end":{"line":11,"column":51}},"4":{"start":{"line":12,"column":6},"end":{"line":12,"column":27}},"5":{"start":{"line":13,"column":6},"end":{"line":13,"column":16}},"6":{"start":{"line":16,"column":4},"end":{"line":20,"column":5}},"7":{"start":{"line":17,"column":23},"end":{"line":17,"column":45}},"8":{"start":{"line":18,"column":6},"end":{"line":18,"column":27}},"9":{"start":{"line":19,"column":6},"end":{"line":19,"column":16}},"10":{"start":{"line":22,"column":4},"end":{"line":22,"column":47}},"11":{"start":{"line":4,"column":0},"end":{"line":4,"column":13}}},"fnMap":{"0":{"name":"(anonymous_0)","decl":{"start":{"line":5,"column":2},"end":{"line":5,"column":31}},"loc":{"start":{"line":5,"column":72},"end":{"line":5,"column":76}}},"1":{"name":"(anonymous_1)","decl":{"start":{"line":7,"column":2},"end":{"line":7,"column":7}},"loc":{"start":{"line":7,"column":52},"end":{"line":23,"column":3}}}},"branchMap":{"0":{"loc":{"start":{"line":10,"column":4},"end":{"line":14,"column":5}},"type":"if","locations":[{"start":{"line":10,"column":4},"end":{"line":14,"column":5}},{"start":{},"end":{}}]},"1":{"loc":{"start":{"line":16,"column":4},"end":{"line":20,"column":5}},"type":"if","locations":[{"start":{"line":16,"column":4},"end":{"line":20,"column":5}},{"start":{},"end":{}}]}},"s":{"0":5,"1":4,"2":4,"3":2,"4":2,"5":2,"6":2,"7":1,"8":1,"9":1,"10":1,"11":1},"f":{"0":5,"1":4},"b":{"0":[2,2],"1":[1,1]}}
,"/Users/marie/Documents/DEV/2026-Eventhub/backend/src/application/usecases/get-event-by-id.usecase.ts": {"path":"/Users/marie/Documents/DEV/2026-Eventhub/backend/src/application/usecases/get-event-by-id.usecase.ts","statementMap":{"0":{"start":{"line":5,"column":31},"end":{"line":5,"column":67}},"1":{"start":{"line":8,"column":4},"end":{"line":10,"column":5}},"2":{"start":{"line":9,"column":6},"end":{"line":9,"column":46}},"3":{"start":{"line":11,"column":4},"end":{"line":11,"column":40}},"4":{"start":{"line":4,"column":0},"end":{"line":4,"column":13}}},"fnMap":{"0":{"name":"(anonymous_0)","decl":{"start":{"line":5,"column":2},"end":{"line":5,"column":31}},"loc":{"start":{"line":5,"column":67},"end":{"line":5,"column":71}}},"1":{"name":"(anonymous_1)","decl":{"start":{"line":7,"column":2},"end":{"line":7,"column":7}},"loc":{"start":{"line":7,"column":26},"end":{"line":12,"column":3}}}},"branchMap":{"0":{"loc":{"start":{"line":8,"column":4},"end":{"line":10,"column":5}},"type":"if","locations":[{"start":{"line":8,"column":4},"end":{"line":10,"column":5}},{"start":{},"end":{}}]},"1":{"loc":{"start":{"line":8,"column":8},"end":{"line":8,"column":31}},"type":"binary-expr","locations":[{"start":{"line":8,"column":8},"end":{"line":8,"column":11}},{"start":{"line":8,"column":15},"end":{"line":8,"column":31}}]}},"s":{"0":3,"1":3,"2":1,"3":2,"4":1},"f":{"0":3,"1":3},"b":{"0":[1,2],"1":[3,2]}}
,"/Users/marie/Documents/DEV/2026-Eventhub/backend/src/application/usecases/update-event.usecase.ts": {"path":"/Users/marie/Documents/DEV/2026-Eventhub/backend/src/application/usecases/update-event.usecase.ts","statementMap":{"0":{"start":{"line":1,"column":0},"end":{"line":1,"column":59}},"1":{"start":{"line":16,"column":31},"end":{"line":16,"column":72}},"2":{"start":{"line":23,"column":21},"end":{"line":23,"column":65}},"3":{"start":{"line":25,"column":4},"end":{"line":29,"column":5}},"4":{"start":{"line":26,"column":23},"end":{"line":26,"column":51}},"5":{"start":{"line":27,"column":6},"end":{"line":27,"column":27}},"6":{"start":{"line":28,"column":6},"end":{"line":28,"column":16}},"7":{"start":{"line":31,"column":4},"end":{"line":35,"column":5}},"8":{"start":{"line":32,"column":23},"end":{"line":32,"column":45}},"9":{"start":{"line":33,"column":6},"end":{"line":33,"column":27}},"10":{"start":{"line":34,"column":6},"end":{"line":34,"column":16}},"11":{"start":{"line":37,"column":25},"end":{"line":51,"column":6}},"12":{"start":{"line":53,"column":4},"end":{"line":53,"column":53}},"13":{"start":{"line":15,"column":0},"end":{"line":15,"column":13}}},"fnMap":{"0":{"name":"(anonymous_0)","decl":{"start":{"line":16,"column":2},"end":{"line":16,"column":31}},"loc":{"start":{"line":16,"column":72},"end":{"line":16,"column":76}}},"1":{"name":"(anonymous_1)","decl":{"start":{"line":18,"column":2},"end":{"line":18,"column":7}},"loc":{"start":{"line":21,"column":23},"end":{"line":54,"column":3}}}},"branchMap":{"0":{"loc":{"start":{"line":25,"column":4},"end":{"line":29,"column":5}},"type":"if","locations":[{"start":{"line":25,"column":4},"end":{"line":29,"column":5}},{"start":{},"end":{}}]},"1":{"loc":{"start":{"line":31,"column":4},"end":{"line":35,"column":5}},"type":"if","locations":[{"start":{"line":31,"column":4},"end":{"line":35,"column":5}},{"start":{},"end":{}}]}},"s":{"0":1,"1":6,"2":5,"3":5,"4":2,"5":2,"6":2,"7":3,"8":1,"9":1,"10":1,"11":2,"12":1,"13":1},"f":{"0":6,"1":5},"b":{"0":[2,3],"1":[1,2]}}
,"/Users/marie/Documents/DEV/2026-Eventhub/backend/src/domain/entities/event.entity.ts": {"path":"/Users/marie/Documents/DEV/2026-Eventhub/backend/src/domain/entities/event.entity.ts","statementMap":{"0":{"start":{"line":31,"column":4},"end":{"line":32,"column":43}},"1":{"start":{"line":32,"column":6},"end":{"line":32,"column":43}},"2":{"start":{"line":33,"column":4},"end":{"line":34,"column":43}},"3":{"start":{"line":34,"column":6},"end":{"line":34,"column":43}},"4":{"start":{"line":35,"column":4},"end":{"line":36,"column":47}},"5":{"start":{"line":36,"column":6},"end":{"line":36,"column":47}},"6":{"start":{"line":37,"column":4},"end":{"line":38,"column":58}},"7":{"start":{"line":38,"column":6},"end":{"line":38,"column":58}},"8":{"start":{"line":39,"column":4},"end":{"line":40,"column":53}},"9":{"start":{"line":40,"column":6},"end":{"line":40,"column":53}},"10":{"start":{"line":41,"column":4},"end":{"line":42,"column":52}},"11":{"start":{"line":42,"column":6},"end":{"line":42,"column":52}},"12":{"start":{"line":43,"column":4},"end":{"line":44,"column":47}},"13":{"start":{"line":44,"column":6},"end":{"line":44,"column":47}},"14":{"start":{"line":45,"column":4},"end":{"line":46,"column":46}},"15":{"start":{"line":46,"column":6},"end":{"line":46,"column":46}},"16":{"start":{"line":48,"column":4},"end":{"line":48,"column":23}},"17":{"start":{"line":49,"column":4},"end":{"line":49,"column":36}},"18":{"start":{"line":50,"column":4},"end":{"line":50,"column":41}},"19":{"start":{"line":51,"column":4},"end":{"line":51,"column":37}},"20":{"start":{"line":52,"column":4},"end":{"line":52,"column":33}},"21":{"start":{"line":53,"column":4},"end":{"line":53,"column":35}},"22":{"start":{"line":54,"column":4},"end":{"line":54,"column":29}},"23":{"start":{"line":55,"column":4},"end":{"line":55,"column":41}},"24":{"start":{"line":56,"column":4},"end":{"line":56,"column":39}},"25":{"start":{"line":57,"column":4},"end":{"line":57,"column":35}},"26":{"start":{"line":58,"column":4},"end":{"line":58,"column":51}},"27":{"start":{"line":59,"column":4},"end":{"line":59,"column":51}},"28":{"start":{"line":16,"column":0},"end":{"line":16,"column":13}}},"fnMap":{"0":{"name":"(anonymous_0)","decl":{"start":{"line":30,"column":2},"end":{"line":30,"column":14}},"loc":{"start":{"line":30,"column":31},"end":{"line":60,"column":3}}}},"branchMap":{"0":{"loc":{"start":{"line":31,"column":4},"end":{"line":32,"column":43}},"type":"if","locations":[{"start":{"line":31,"column":4},"end":{"line":32,"column":43}},{"start":{},"end":{}}]},"1":{"loc":{"start":{"line":31,"column":8},"end":{"line":31,"column":49}},"type":"binary-expr","locations":[{"start":{"line":31,"column":8},"end":{"line":31,"column":20}},{"start":{"line":31,"column":24},"end":{"line":31,"column":49}}]},"2":{"loc":{"start":{"line":33,"column":4},"end":{"line":34,"column":43}},"type":"if","locations":[{"start":{"line":33,"column":4},"end":{"line":34,"column":43}},{"start":{},"end":{}}]},"3":{"loc":{"start":{"line":33,"column":8},"end":{"line":33,"column":53}},"type":"binary-expr","locations":[{"start":{"line":33,"column":8},"end":{"line":33,"column":22}},{"start":{"line":33,"column":26},"end":{"line":33,"column":53}}]},"4":{"loc":{"start":{"line":35,"column":4},"end":{"line":36,"column":47}},"type":"if","locations":[{"start":{"line":35,"column":4},"end":{"line":36,"column":47}},{"start":{},"end":{}}]},"5":{"loc":{"start":{"line":35,"column":8},"end":{"line":35,"column":78}},"type":"binary-expr","locations":[{"start":{"line":35,"column":8},"end":{"line":35,"column":42}},{"start":{"line":35,"column":46},"end":{"line":35,"column":78}}]},"6":{"loc":{"start":{"line":37,"column":4},"end":{"line":38,"column":58}},"type":"if","locations":[{"start":{"line":37,"column":4},"end":{"line":38,"column":58}},{"start":{},"end":{}}]},"7":{"loc":{"start":{"line":39,"column":4},"end":{"line":40,"column":53}},"type":"if","locations":[{"start":{"line":39,"column":4},"end":{"line":40,"column":53}},{"start":{},"end":{}}]},"8":{"loc":{"start":{"line":39,"column":8},"end":{"line":39,"column":63}},"type":"binary-expr","locations":[{"start":{"line":39,"column":8},"end":{"line":39,"column":41}},{"start":{"line":39,"column":45},"end":{"line":39,"column":63}}]},"9":{"loc":{"start":{"line":41,"column":4},"end":{"line":42,"column":52}},"type":"if","locations":[{"start":{"line":41,"column":4},"end":{"line":42,"column":52}},{"start":{},"end":{}}]},"10":{"loc":{"start":{"line":41,"column":8},"end":{"line":41,"column":52}},"type":"binary-expr","locations":[{"start":{"line":41,"column":8},"end":{"line":41,"column":33}},{"start":{"line":41,"column":37},"end":{"line":41,"column":52}}]},"11":{"loc":{"start":{"line":43,"column":4},"end":{"line":44,"column":47}},"type":"if","locations":[{"start":{"line":43,"column":4},"end":{"line":44,"column":47}},{"start":{},"end":{}}]},"12":{"loc":{"start":{"line":43,"column":8},"end":{"line":43,"column":61}},"type":"binary-expr","locations":[{"start":{"line":43,"column":8},"end":{"line":43,"column":26}},{"start":{"line":43,"column":30},"end":{"line":43,"column":61}}]},"13":{"loc":{"start":{"line":45,"column":4},"end":{"line":46,"column":46}},"type":"if","locations":[{"start":{"line":45,"column":4},"end":{"line":46,"column":46}},{"start":{},"end":{}}]},"14":{"loc":{"start":{"line":45,"column":8},"end":{"line":45,"column":59}},"type":"binary-expr","locations":[{"start":{"line":45,"column":8},"end":{"line":45,"column":25}},{"start":{"line":45,"column":29},"end":{"line":45,"column":59}}]},"15":{"loc":{"start":{"line":58,"column":21},"end":{"line":58,"column":50}},"type":"binary-expr","locations":[{"start":{"line":58,"column":21},"end":{"line":58,"column":36}},{"start":{"line":58,"column":40},"end":{"line":58,"column":50}}]},"16":{"loc":{"start":{"line":59,"column":21},"end":{"line":59,"column":50}},"type":"binary-expr","locations":[{"start":{"line":59,"column":21},"end":{"line":59,"column":36}},{"start":{"line":59,"column":40},"end":{"line":59,"column":50}}]}},"s":{"0":25,"1":1,"2":24,"3":1,"4":23,"5":0,"6":23,"7":2,"8":21,"9":1,"10":20,"11":1,"12":19,"13":1,"14":18,"15":1,"16":17,"17":17,"18":17,"19":17,"20":17,"21":17,"22":17,"23":17,"24":17,"25":17,"26":17,"27":17,"28":5},"f":{"0":25},"b":{"0":[1,24],"1":[25,24],"2":[1,23],"3":[24,23],"4":[0,23],"5":[23,23],"6":[2,21],"7":[1,20],"8":[21,21],"9":[1,19],"10":[20,18],"11":[1,18],"12":[19,18],"13":[1,17],"14":[18,17],"15":[17,14],"16":[17,14]}}
,"/Users/marie/Documents/DEV/2026-Eventhub/backend/src/infrastructure/repositories/in-memory-event.repository.ts": {"path":"/Users/marie/Documents/DEV/2026-Eventhub/backend/src/infrastructure/repositories/in-memory-event.repository.ts","statementMap":{"0":{"start":{"line":5,"column":10},"end":{"line":5,"column":31}},"1":{"start":{"line":8,"column":4},"end":{"line":8,"column":28}},"2":{"start":{"line":9,"column":4},"end":{"line":9,"column":17}},"3":{"start":{"line":16,"column":19},"end":{"line":16,"column":76}},"4":{"start":{"line":16,"column":51},"end":{"line":16,"column":75}},"5":{"start":{"line":18,"column":21},"end":{"line":18,"column":22}},"6":{"start":{"line":19,"column":4},"end":{"line":22,"column":5}},"7":{"start":{"line":20,"column":26},"end":{"line":20,"column":74}},"8":{"start":{"line":20,"column":54},"end":{"line":20,"column":73}},"9":{"start":{"line":21,"column":6},"end":{"line":21,"column":58}},"10":{"start":{"line":24,"column":19},"end":{"line":24,"column":67}},"11":{"start":{"line":25,"column":20},"end":{"line":25,"column":41}},"12":{"start":{"line":27,"column":4},"end":{"line":30,"column":6}},"13":{"start":{"line":34,"column":4},"end":{"line":34,"column":56}},"14":{"start":{"line":34,"column":35},"end":{"line":34,"column":46}},"15":{"start":{"line":38,"column":18},"end":{"line":38,"column":65}},"16":{"start":{"line":38,"column":47},"end":{"line":38,"column":64}},"17":{"start":{"line":39,"column":4},"end":{"line":39,"column":57}},"18":{"start":{"line":39,"column":22},"end":{"line":39,"column":57}},"19":{"start":{"line":40,"column":4},"end":{"line":40,"column":31}},"20":{"start":{"line":41,"column":4},"end":{"line":41,"column":17}},"21":{"start":{"line":45,"column":18},"end":{"line":45,"column":59}},"22":{"start":{"line":45,"column":47},"end":{"line":45,"column":58}},"23":{"start":{"line":46,"column":4},"end":{"line":46,"column":57}},"24":{"start":{"line":46,"column":22},"end":{"line":46,"column":57}},"25":{"start":{"line":47,"column":4},"end":{"line":47,"column":33}},"26":{"start":{"line":4,"column":0},"end":{"line":4,"column":13}}},"fnMap":{"0":{"name":"(anonymous_0)","decl":{"start":{"line":4,"column":0},"end":{"line":4,"column":13}},"loc":{"start":{"line":4,"column":0},"end":{"line":49,"column":1}}},"1":{"name":"(anonymous_1)","decl":{"start":{"line":7,"column":2},"end":{"line":7,"column":7}},"loc":{"start":{"line":7,"column":25},"end":{"line":10,"column":3}}},"2":{"name":"(anonymous_2)","decl":{"start":{"line":12,"column":2},"end":{"line":12,"column":7}},"loc":{"start":{"line":14,"column":13},"end":{"line":31,"column":3}}},"3":{"name":"(anonymous_3)","decl":{"start":{"line":16,"column":41},"end":{"line":16,"column":42}},"loc":{"start":{"line":16,"column":51},"end":{"line":16,"column":75}}},"4":{"name":"(anonymous_4)","decl":{"start":{"line":20,"column":43},"end":{"line":20,"column":44}},"loc":{"start":{"line":20,"column":54},"end":{"line":20,"column":73}}},"5":{"name":"(anonymous_5)","decl":{"start":{"line":33,"column":2},"end":{"line":33,"column":7}},"loc":{"start":{"line":33,"column":27},"end":{"line":35,"column":3}}},"6":{"name":"(anonymous_6)","decl":{"start":{"line":34,"column":28},"end":{"line":34,"column":29}},"loc":{"start":{"line":34,"column":35},"end":{"line":34,"column":46}}},"7":{"name":"(anonymous_7)","decl":{"start":{"line":37,"column":2},"end":{"line":37,"column":7}},"loc":{"start":{"line":37,"column":27},"end":{"line":42,"column":3}}},"8":{"name":"(anonymous_8)","decl":{"start":{"line":38,"column":40},"end":{"line":38,"column":41}},"loc":{"start":{"line":38,"column":47},"end":{"line":38,"column":64}}},"9":{"name":"(anonymous_9)","decl":{"start":{"line":44,"column":2},"end":{"line":44,"column":7}},"loc":{"start":{"line":44,"column":25},"end":{"line":48,"column":3}}},"10":{"name":"(anonymous_10)","decl":{"start":{"line":45,"column":40},"end":{"line":45,"column":41}},"loc":{"start":{"line":45,"column":47},"end":{"line":45,"column":58}}}},"branchMap":{"0":{"loc":{"start":{"line":14,"column":4},"end":{"line":14,"column":13}},"type":"default-arg","locations":[{"start":{"line":14,"column":12},"end":{"line":14,"column":13}}]},"1":{"loc":{"start":{"line":19,"column":4},"end":{"line":22,"column":5}},"type":"if","locations":[{"start":{"line":19,"column":4},"end":{"line":22,"column":5}},{"start":{},"end":{}}]},"2":{"loc":{"start":{"line":21,"column":19},"end":{"line":21,"column":57}},"type":"cond-expr","locations":[{"start":{"line":21,"column":38},"end":{"line":21,"column":53}},{"start":{"line":21,"column":56},"end":{"line":21,"column":57}}]},"3":{"loc":{"start":{"line":28,"column":12},"end":{"line":28,"column":53}},"type":"cond-expr","locations":[{"start":{"line":28,"column":22},"end":{"line":28,"column":44}},{"start":{"line":28,"column":47},"end":{"line":28,"column":53}}]},"4":{"loc":{"start":{"line":34,"column":11},"end":{"line":34,"column":55}},"type":"binary-expr","locations":[{"start":{"line":34,"column":11},"end":{"line":34,"column":47}},{"start":{"line":34,"column":51},"end":{"line":34,"column":55}}]},"5":{"loc":{"start":{"line":39,"column":4},"end":{"line":39,"column":57}},"type":"if","locations":[{"start":{"line":39,"column":4},"end":{"line":39,"column":57}},{"start":{},"end":{}}]},"6":{"loc":{"start":{"line":46,"column":4},"end":{"line":46,"column":57}},"type":"if","locations":[{"start":{"line":46,"column":4},"end":{"line":46,"column":57}},{"start":{},"end":{}}]}},"s":{"0":27,"1":15,"2":15,"3":3,"4":7,"5":3,"6":3,"7":2,"8":4,"9":2,"10":3,"11":3,"12":3,"13":12,"14":6,"15":2,"16":1,"17":2,"18":1,"19":1,"20":1,"21":2,"22":1,"23":2,"24":1,"25":1,"26":5},"f":{"0":27,"1":15,"2":3,"3":7,"4":4,"5":12,"6":6,"7":2,"8":1,"9":2,"10":1},"b":{"0":[0],"1":[2,1],"2":[1,1],"3":[2,1],"4":[12,6],"5":[1,1],"6":[1,1]}}
}
