TN:
SF:src/application/usecases/create-event.usecase.ts
FN:18,(anonymous_0)
FN:20,(anonymous_1)
FNF:2
FNH:2
FNDA:8,(anonymous_0)
FNDA:8,(anonymous_1)
DA:1,1
DA:3,1
DA:17,1
DA:18,8
DA:21,8
DA:34,1
LF:6
LH:6
BRF:0
BRH:0
end_of_record
TN:
SF:src/application/usecases/delete-event.usecase.ts
FN:5,(anonymous_0)
FN:7,(anonymous_1)
FNF:2
FNH:2
FNDA:5,(anonymous_0)
FNDA:4,(anonymous_1)
DA:4,1
DA:5,5
DA:8,4
DA:10,4
DA:11,2
DA:12,2
DA:13,2
DA:16,2
DA:17,1
DA:18,1
DA:19,1
DA:22,1
LF:12
LH:12
BRDA:10,0,0,2
BRDA:10,0,1,2
BRDA:16,1,0,1
BRDA:16,1,1,1
BRF:4
BRH:4
end_of_record
TN:
SF:src/application/usecases/get-event-by-id.usecase.ts
FN:5,(anonymous_0)
FN:7,(anonymous_1)
FNF:2
FNH:2
FNDA:3,(anonymous_0)
FNDA:3,(anonymous_1)
DA:4,1
DA:5,3
DA:8,3
DA:9,1
DA:11,2
LF:5
LH:5
BRDA:8,0,0,1
BRDA:8,0,1,2
BRDA:8,1,0,3
BRDA:8,1,1,2
BRF:4
BRH:4
end_of_record
TN:
SF:src/application/usecases/update-event.usecase.ts
FN:16,(anonymous_0)
FN:18,(anonymous_1)
FNF:2
FNH:2
FNDA:6,(anonymous_0)
FNDA:5,(anonymous_1)
DA:1,1
DA:15,1
DA:16,6
DA:23,5
DA:25,5
DA:26,2
DA:27,2
DA:28,2
DA:31,3
DA:32,1
DA:33,1
DA:34,1
DA:37,2
DA:53,1
LF:14
LH:14
BRDA:25,0,0,2
BRDA:25,0,1,3
BRDA:31,1,0,1
BRDA:31,1,1,2
BRF:4
BRH:4
end_of_record
TN:
SF:src/domain/entities/event.entity.ts
FN:30,(anonymous_0)
FNF:1
FNH:1
FNDA:25,(anonymous_0)
DA:16,5
DA:31,25
DA:32,1
DA:33,24
DA:34,1
DA:35,23
DA:36,0
DA:37,23
DA:38,2
DA:39,21
DA:40,1
DA:41,20
DA:42,1
DA:43,19
DA:44,1
DA:45,18
DA:46,1
DA:48,17
DA:49,17
DA:50,17
DA:51,17
DA:52,17
DA:53,17
DA:54,17
DA:55,17
DA:56,17
DA:57,17
DA:58,17
DA:59,17
LF:29
LH:28
BRDA:31,0,0,1
BRDA:31,0,1,24
BRDA:31,1,0,25
BRDA:31,1,1,24
BRDA:33,2,0,1
BRDA:33,2,1,23
BRDA:33,3,0,24
BRDA:33,3,1,23
BRDA:35,4,0,0
BRDA:35,4,1,23
BRDA:35,5,0,23
BRDA:35,5,1,23
BRDA:37,6,0,2
BRDA:37,6,1,21
BRDA:39,7,0,1
BRDA:39,7,1,20
BRDA:39,8,0,21
BRDA:39,8,1,21
BRDA:41,9,0,1
BRDA:41,9,1,19
BRDA:41,10,0,20
BRDA:41,10,1,18
BRDA:43,11,0,1
BRDA:43,11,1,18
BRDA:43,12,0,19
BRDA:43,12,1,18
BRDA:45,13,0,1
BRDA:45,13,1,17
BRDA:45,14,0,18
BRDA:45,14,1,17
BRDA:58,15,0,17
BRDA:58,15,1,14
BRDA:59,16,0,17
BRDA:59,16,1,14
BRF:34
BRH:33
end_of_record
TN:
SF:src/infrastructure/repositories/in-memory-event.repository.ts
FN:4,(anonymous_0)
FN:7,(anonymous_1)
FN:12,(anonymous_2)
FN:16,(anonymous_3)
FN:20,(anonymous_4)
FN:33,(anonymous_5)
FN:34,(anonymous_6)
FN:37,(anonymous_7)
FN:38,(anonymous_8)
FN:44,(anonymous_9)
FN:45,(anonymous_10)
FNF:11
FNH:11
FNDA:27,(anonymous_0)
FNDA:15,(anonymous_1)
FNDA:3,(anonymous_2)
FNDA:7,(anonymous_3)
FNDA:4,(anonymous_4)
FNDA:12,(anonymous_5)
FNDA:6,(anonymous_6)
FNDA:2,(anonymous_7)
FNDA:1,(anonymous_8)
FNDA:2,(anonymous_9)
FNDA:1,(anonymous_10)
DA:4,5
DA:5,27
DA:8,15
DA:9,15
DA:16,7
DA:18,3
DA:19,3
DA:20,4
DA:21,2
DA:24,3
DA:25,3
DA:27,3
DA:34,12
DA:38,2
DA:39,2
DA:40,1
DA:41,1
DA:45,2
DA:46,2
DA:47,1
LF:20
LH:20
BRDA:14,0,0,0
BRDA:19,1,0,2
BRDA:19,1,1,1
BRDA:21,2,0,1
BRDA:21,2,1,1
BRDA:28,3,0,2
BRDA:28,3,1,1
BRDA:34,4,0,12
BRDA:34,4,1,6
BRDA:39,5,0,1
BRDA:39,5,1,1
BRDA:46,6,0,1
BRDA:46,6,1,1
BRF:13
BRH:12
end_of_record
